<?xml version="1.0" encoding="UTF-8"?>
<!-- Generated by org.testng.reporters.JUnitXMLReporter -->
<testsuite ignored="6" hostname="RAMBABU" failures="0" tests="9" name="Regression Tests" time="230.688" errors="0" timestamp="2025-05-14T20:17:49 IST">
  <testcase classname="test.CartTest" name="testAddProductToCart" time="3.942"/>
  <testcase classname="test.CartTest" name="testCartTotal" time="0.754"/>
  <testcase classname="test.CheckoutTest" name="testCheckoutProcess" time="1.924"/>
  <testcase classname="test.ProductTest" name="testProductDetails" time="0.566"/>
  <testcase classname="test.ProductTest" name="testProductListing" time="0.125"/>
  <testcase classname="test.ProductTest" name="testProductSearch" time="0.187"/>
  <testcase classname="test.CartTest" name="testRemoveProductFromCart" time="18.066"/>
  <testcase classname="test.LoginTest" name="testValidLogin" time="0.63"/>
  <testcase classname="test.LoginTest" name="testInvalidLogin" time="1.454"/>
  <testcase classname="base.BaseTest" name="@BeforeSuite beforeSuite" time="0.0">
    <ignored/>
  </testcase> <!-- @BeforeSuite beforeSuite -->
  <testcase classname="base.BaseTest" name="@AfterSuite afterSuite" time="0.0">
    <ignored/>
  </testcase> <!-- @AfterSuite afterSuite -->
  <testcase classname="base.BaseTest" name="@AfterSuite afterSuite" time="0.0">
    <ignored/>
  </testcase> <!-- @AfterSuite afterSuite -->
  <testcase classname="base.BaseTest" name="@BeforeSuite beforeSuite" time="0.0">
    <ignored/>
  </testcase> <!-- @BeforeSuite beforeSuite -->
  <testcase classname="base.BaseTest" name="@AfterSuite afterSuite" time="0.0">
    <ignored/>
  </testcase> <!-- @AfterSuite afterSuite -->
  <testcase classname="base.BaseTest" name="@BeforeSuite beforeSuite" time="0.0">
    <ignored/>
  </testcase> <!-- @BeforeSuite beforeSuite -->
</testsuite> <!-- Regression Tests -->
