<?xml version="1.0" encoding="UTF-8"?>
<testng-results ignored="1" total="2" passed="1" failed="0" skipped="0">
  <reporter-output>
  </reporter-output>
  <suite started-at="2025-05-22T12:51:07 IST" name="Default suite" finished-at="2025-05-22T12:51:18 IST" duration-ms="11138">
    <groups>
    </groups>
    <test started-at="2025-05-22T12:51:07 IST" name="Default test" finished-at="2025-05-22T12:51:18 IST" duration-ms="11138">
      <class name="test.LoginTest">
        <test-method is-config="true" signature="beforeSuite()[pri:0, instance:test.LoginTest@3016fd5e]" started-at="2025-05-22T12:51:07 IST" name="beforeSuite" finished-at="2025-05-22T12:51:07 IST" duration-ms="223" status="PASS">
          <reporter-output>
          </reporter-output>
        </test-method> <!-- beforeSuite -->
        <test-method is-config="true" signature="setup(java.lang.reflect.Method)[pri:0, instance:test.LoginTest@3016fd5e]" started-at="2025-05-22T12:51:07 IST" name="setup" finished-at="2025-05-22T12:51:17 IST" duration-ms="9910" status="PASS">
          <params>
            <param index="0">
              <value>
                <![CDATA[public void test.LoginTest.testValidLogin()]]>
              </value>
            </param>
          </params>
          <reporter-output>
          </reporter-output>
        </test-method> <!-- setup -->
        <test-method signature="testValidLogin()[pri:1, instance:test.LoginTest@3016fd5e]" started-at="2025-05-22T12:51:17 IST" name="testValidLogin" description="Test valid login with correct credentials" finished-at="2025-05-22T12:51:18 IST" duration-ms="1008" status="PASS">
          <reporter-output>
          </reporter-output>
        </test-method> <!-- testValidLogin -->
        <test-method is-config="true" signature="tearDown(org.testng.ITestResult)[pri:0, instance:test.LoginTest@3016fd5e]" started-at="2025-05-22T12:51:18 IST" name="tearDown" finished-at="2025-05-22T12:51:18 IST" duration-ms="171" status="PASS">
          <params>
            <param index="0">
              <value>
                <![CDATA[[TestResult name=testValidLogin status=SUCCESS method=LoginTest.testValidLogin()[pri:1, instance:test.LoginTest@3016fd5e] output={null}]]]>
              </value>
            </param>
          </params>
          <reporter-output>
          </reporter-output>
        </test-method> <!-- tearDown -->
        <test-method is-config="true" signature="afterSuite()[pri:0, instance:test.LoginTest@3016fd5e]" started-at="2025-05-22T12:51:18 IST" name="afterSuite" finished-at="2025-05-22T12:51:19 IST" duration-ms="467" status="PASS">
          <reporter-output>
          </reporter-output>
        </test-method> <!-- afterSuite -->
      </class> <!-- test.LoginTest -->
    </test> <!-- Default test -->
  </suite> <!-- Default suite -->
</testng-results>
